Start testing: Nov 24 03:40 EST
----------------------------------------------------------
1/1 Testing: testLex
1/1 Test: testLex
Command: "/Users/lanza/Projects/tigerc/nbuild/unittests/Lex/testLex"
Directory: /Users/lanza/Projects/tigerc/nbuild/unittests/Lex
"testLex" start time: Nov 24 03:40 EST
Output:
----------------------------------------------------------
Running main() from gtest_main.cc
[==========] Running 1 test from 1 test case.
[----------] Global test environment set-up.
[----------] 1 test from testLex
[ RUN      ] testLex.HelloWorld
[       OK ] testLex.HelloWorld (0 ms)
[----------] 1 test from testLex (0 ms total)

[----------] Global test environment tear-down
[==========] 1 test from 1 test case ran. (0 ms total)
[  PASSED  ] 1 test.
<end of output>
Test time =   0.00 sec
----------------------------------------------------------
Test Passed.
"testLex" end time: Nov 24 03:40 EST
"testLex" time elapsed: 00:00:00
----------------------------------------------------------

End testing: Nov 24 03:40 EST
